{"/home/gooseware/repos/antigravity/quota/src/index.ts": {"path":"/home/gooseware/repos/antigravity/quota/src/index.ts","all":false,"statementMap":{"0":{"start":{"line":1,"column":0},"end":{"line":1,"column":63}},"1":{"start":{"line":2,"column":0},"end":{"line":2,"column":55}},"2":{"start":{"line":3,"column":0},"end":{"line":3,"column":46}},"3":{"start":{"line":4,"column":0},"end":{"line":4,"column":61}},"4":{"start":{"line":5,"column":0},"end":{"line":5,"column":0}},"5":{"start":{"line":6,"column":0},"end":{"line":6,"column":34}},"6":{"start":{"line":7,"column":0},"end":{"line":7,"column":49}},"7":{"start":{"line":8,"column":0},"end":{"line":8,"column":47}},"8":{"start":{"line":9,"column":0},"end":{"line":9,"column":53}},"9":{"start":{"line":10,"column":0},"end":{"line":10,"column":0}},"10":{"start":{"line":11,"column":0},"end":{"line":11,"column":62}},"11":{"start":{"line":12,"column":0},"end":{"line":12,"column":38}},"12":{"start":{"line":13,"column":0},"end":{"line":13,"column":37}},"13":{"start":{"line":14,"column":0},"end":{"line":14,"column":0}},"14":{"start":{"line":15,"column":0},"end":{"line":15,"column":39}},"15":{"start":{"line":16,"column":0},"end":{"line":16,"column":51}},"16":{"start":{"line":17,"column":0},"end":{"line":17,"column":0}},"17":{"start":{"line":18,"column":0},"end":{"line":18,"column":12}},"18":{"start":{"line":19,"column":0},"end":{"line":19,"column":50}},"19":{"start":{"line":20,"column":0},"end":{"line":20,"column":56}},"20":{"start":{"line":21,"column":0},"end":{"line":21,"column":57}},"21":{"start":{"line":22,"column":0},"end":{"line":22,"column":10}},"22":{"start":{"line":23,"column":0},"end":{"line":23,"column":0}},"23":{"start":{"line":24,"column":0},"end":{"line":24,"column":53}},"24":{"start":{"line":25,"column":0},"end":{"line":25,"column":30}},"25":{"start":{"line":26,"column":0},"end":{"line":26,"column":59}},"26":{"start":{"line":27,"column":0},"end":{"line":27,"column":13}},"27":{"start":{"line":28,"column":0},"end":{"line":28,"column":12}},"28":{"start":{"line":29,"column":0},"end":{"line":29,"column":30}},"29":{"start":{"line":30,"column":0},"end":{"line":30,"column":28}},"30":{"start":{"line":31,"column":0},"end":{"line":31,"column":13}},"31":{"start":{"line":32,"column":0},"end":{"line":32,"column":12}},"32":{"start":{"line":33,"column":0},"end":{"line":33,"column":89}},"33":{"start":{"line":34,"column":0},"end":{"line":34,"column":25}},"34":{"start":{"line":35,"column":0},"end":{"line":35,"column":34}},"35":{"start":{"line":36,"column":0},"end":{"line":36,"column":13}},"36":{"start":{"line":37,"column":0},"end":{"line":37,"column":25}},"37":{"start":{"line":38,"column":0},"end":{"line":38,"column":10}},"38":{"start":{"line":39,"column":0},"end":{"line":39,"column":0}},"39":{"start":{"line":40,"column":0},"end":{"line":40,"column":46}},"40":{"start":{"line":41,"column":0},"end":{"line":41,"column":43}},"41":{"start":{"line":42,"column":0},"end":{"line":42,"column":9}},"42":{"start":{"line":43,"column":0},"end":{"line":43,"column":6}},"43":{"start":{"line":44,"column":0},"end":{"line":44,"column":1}}},"s":{"0":1,"1":1,"2":1,"3":1,"4":1,"5":1,"6":6,"7":6,"8":6,"9":6,"10":6,"11":6,"12":6,"13":6,"14":6,"15":6,"16":6,"17":6,"18":6,"19":2,"20":2,"21":6,"22":6,"23":6,"24":2,"25":1,"26":1,"27":2,"28":2,"29":1,"30":1,"31":1,"32":1,"33":2,"34":0,"35":0,"36":1,"37":6,"38":6,"39":6,"40":1,"41":1,"42":6,"43":6},"branchMap":{"0":{"type":"branch","line":6,"loc":{"start":{"line":6,"column":7},"end":{"line":44,"column":1}},"locations":[{"start":{"line":6,"column":7},"end":{"line":44,"column":1}}]},"1":{"type":"branch","line":19,"loc":{"start":{"line":19,"column":8},"end":{"line":22,"column":9}},"locations":[{"start":{"line":19,"column":8},"end":{"line":22,"column":9}}]},"2":{"type":"branch","line":21,"loc":{"start":{"line":21,"column":27},"end":{"line":21,"column":49}},"locations":[{"start":{"line":21,"column":27},"end":{"line":21,"column":49}}]},"3":{"type":"branch","line":21,"loc":{"start":{"line":21,"column":50},"end":{"line":21,"column":56}},"locations":[{"start":{"line":21,"column":50},"end":{"line":21,"column":56}}]},"4":{"type":"branch","line":24,"loc":{"start":{"line":24,"column":8},"end":{"line":38,"column":9}},"locations":[{"start":{"line":24,"column":8},"end":{"line":38,"column":9}}]},"5":{"type":"branch","line":25,"loc":{"start":{"line":25,"column":29},"end":{"line":27,"column":13}},"locations":[{"start":{"line":25,"column":29},"end":{"line":27,"column":13}}]},"6":{"type":"branch","line":29,"loc":{"start":{"line":29,"column":29},"end":{"line":34,"column":24}},"locations":[{"start":{"line":29,"column":29},"end":{"line":34,"column":24}}]},"7":{"type":"branch","line":34,"loc":{"start":{"line":34,"column":24},"end":{"line":36,"column":13}},"locations":[{"start":{"line":34,"column":24},"end":{"line":36,"column":13}}]},"8":{"type":"branch","line":37,"loc":{"start":{"line":37,"column":-1},"end":{"line":38,"column":9}},"locations":[{"start":{"line":37,"column":-1},"end":{"line":38,"column":9}}]},"9":{"type":"branch","line":40,"loc":{"start":{"line":40,"column":8},"end":{"line":42,"column":9}},"locations":[{"start":{"line":40,"column":8},"end":{"line":42,"column":9}}]}},"b":{"0":[6],"1":[2],"2":[1],"3":[1],"4":[2],"5":[1],"6":[1],"7":[0],"8":[1],"9":[1]},"fnMap":{"0":{"name":"activate","decl":{"start":{"line":6,"column":7},"end":{"line":44,"column":1}},"loc":{"start":{"line":6,"column":7},"end":{"line":44,"column":1}},"line":6},"1":{"name":"getToken","decl":{"start":{"line":19,"column":8},"end":{"line":22,"column":9}},"loc":{"start":{"line":19,"column":8},"end":{"line":22,"column":9}},"line":19},"2":{"name":"getQuota","decl":{"start":{"line":24,"column":8},"end":{"line":38,"column":9}},"loc":{"start":{"line":24,"column":8},"end":{"line":38,"column":9}},"line":24},"3":{"name":"rotateAccount","decl":{"start":{"line":40,"column":8},"end":{"line":42,"column":9}},"loc":{"start":{"line":40,"column":8},"end":{"line":42,"column":9}},"line":40}},"f":{"0":6,"1":2,"2":2,"3":1}}
,"/home/gooseware/repos/antigravity/quota/src/auth/AccountRotator.ts": {"path":"/home/gooseware/repos/antigravity/quota/src/auth/AccountRotator.ts","all":false,"statementMap":{"0":{"start":{"line":1,"column":0},"end":{"line":1,"column":57}},"1":{"start":{"line":2,"column":0},"end":{"line":2,"column":0}},"2":{"start":{"line":3,"column":0},"end":{"line":3,"column":29}},"3":{"start":{"line":4,"column":0},"end":{"line":4,"column":40}},"4":{"start":{"line":5,"column":0},"end":{"line":5,"column":30}},"5":{"start":{"line":6,"column":0},"end":{"line":6,"column":0}},"6":{"start":{"line":7,"column":0},"end":{"line":7,"column":68}},"7":{"start":{"line":8,"column":0},"end":{"line":8,"column":34}},"8":{"start":{"line":9,"column":0},"end":{"line":9,"column":36}},"9":{"start":{"line":10,"column":0},"end":{"line":10,"column":3}},"10":{"start":{"line":11,"column":0},"end":{"line":11,"column":0}},"11":{"start":{"line":12,"column":0},"end":{"line":12,"column":56}},"12":{"start":{"line":13,"column":0},"end":{"line":13,"column":37}},"13":{"start":{"line":14,"column":0},"end":{"line":14,"column":18}},"14":{"start":{"line":15,"column":0},"end":{"line":15,"column":5}},"15":{"start":{"line":16,"column":0},"end":{"line":16,"column":0}},"16":{"start":{"line":17,"column":0},"end":{"line":17,"column":39}},"17":{"start":{"line":18,"column":0},"end":{"line":18,"column":27}},"18":{"start":{"line":19,"column":0},"end":{"line":19,"column":0}},"19":{"start":{"line":20,"column":0},"end":{"line":20,"column":37}},"20":{"start":{"line":21,"column":0},"end":{"line":21,"column":51}},"21":{"start":{"line":22,"column":0},"end":{"line":22,"column":43}},"22":{"start":{"line":23,"column":0},"end":{"line":23,"column":6}},"23":{"start":{"line":24,"column":0},"end":{"line":24,"column":73}},"24":{"start":{"line":25,"column":0},"end":{"line":25,"column":33}},"25":{"start":{"line":26,"column":0},"end":{"line":26,"column":23}},"26":{"start":{"line":27,"column":0},"end":{"line":27,"column":7}},"27":{"start":{"line":28,"column":0},"end":{"line":28,"column":5}},"28":{"start":{"line":29,"column":0},"end":{"line":29,"column":0}},"29":{"start":{"line":30,"column":0},"end":{"line":30,"column":31}},"30":{"start":{"line":31,"column":0},"end":{"line":31,"column":22}},"31":{"start":{"line":32,"column":0},"end":{"line":32,"column":0}},"32":{"start":{"line":33,"column":0},"end":{"line":33,"column":37}},"33":{"start":{"line":34,"column":0},"end":{"line":34,"column":39}},"34":{"start":{"line":35,"column":0},"end":{"line":35,"column":79}},"35":{"start":{"line":36,"column":0},"end":{"line":36,"column":47}},"36":{"start":{"line":37,"column":0},"end":{"line":37,"column":21}},"37":{"start":{"line":38,"column":0},"end":{"line":38,"column":7}},"38":{"start":{"line":39,"column":0},"end":{"line":39,"column":5}},"39":{"start":{"line":40,"column":0},"end":{"line":40,"column":0}},"40":{"start":{"line":41,"column":0},"end":{"line":41,"column":26}},"41":{"start":{"line":42,"column":0},"end":{"line":42,"column":34}},"42":{"start":{"line":43,"column":0},"end":{"line":43,"column":37}},"43":{"start":{"line":44,"column":0},"end":{"line":44,"column":5}},"44":{"start":{"line":45,"column":0},"end":{"line":45,"column":0}},"45":{"start":{"line":46,"column":0},"end":{"line":46,"column":43}},"46":{"start":{"line":47,"column":0},"end":{"line":47,"column":3}},"47":{"start":{"line":48,"column":0},"end":{"line":48,"column":0}},"48":{"start":{"line":49,"column":0},"end":{"line":49,"column":76}},"49":{"start":{"line":50,"column":0},"end":{"line":50,"column":37}},"50":{"start":{"line":51,"column":0},"end":{"line":51,"column":18}},"51":{"start":{"line":52,"column":0},"end":{"line":52,"column":5}},"52":{"start":{"line":53,"column":0},"end":{"line":53,"column":0}},"53":{"start":{"line":54,"column":0},"end":{"line":54,"column":59}},"54":{"start":{"line":55,"column":0},"end":{"line":55,"column":62}},"55":{"start":{"line":56,"column":0},"end":{"line":56,"column":0}},"56":{"start":{"line":57,"column":0},"end":{"line":57,"column":69}},"57":{"start":{"line":58,"column":0},"end":{"line":58,"column":4}},"58":{"start":{"line":59,"column":0},"end":{"line":59,"column":28}},"59":{"start":{"line":60,"column":0},"end":{"line":60,"column":3}},"60":{"start":{"line":61,"column":0},"end":{"line":61,"column":1}}},"s":{"0":1,"1":1,"2":1,"3":1,"4":1,"5":1,"6":1,"7":10,"8":10,"9":10,"10":1,"11":1,"12":11,"13":1,"14":1,"15":10,"16":10,"17":10,"18":10,"19":11,"20":13,"21":13,"22":13,"23":13,"24":8,"25":8,"26":8,"27":13,"28":2,"29":2,"30":2,"31":2,"32":11,"33":4,"34":4,"35":2,"36":2,"37":2,"38":4,"39":2,"40":11,"41":1,"42":1,"43":1,"44":1,"45":1,"46":1,"47":1,"48":1,"49":4,"50":1,"51":1,"52":3,"53":3,"54":3,"55":3,"56":3,"57":3,"58":3,"59":3,"60":1},"branchMap":{"0":{"type":"branch","line":7,"loc":{"start":{"line":7,"column":2},"end":{"line":10,"column":3}},"locations":[{"start":{"line":7,"column":2},"end":{"line":10,"column":3}}]},"1":{"type":"branch","line":12,"loc":{"start":{"line":12,"column":9},"end":{"line":47,"column":3}},"locations":[{"start":{"line":12,"column":9},"end":{"line":47,"column":3}}]},"2":{"type":"branch","line":13,"loc":{"start":{"line":13,"column":36},"end":{"line":15,"column":5}},"locations":[{"start":{"line":13,"column":36},"end":{"line":15,"column":5}}]},"3":{"type":"branch","line":16,"loc":{"start":{"line":16,"column":-1},"end":{"line":20,"column":36}},"locations":[{"start":{"line":16,"column":-1},"end":{"line":20,"column":36}}]},"4":{"type":"branch","line":20,"loc":{"start":{"line":20,"column":36},"end":{"line":28,"column":5}},"locations":[{"start":{"line":20,"column":36},"end":{"line":28,"column":5}}]},"5":{"type":"branch","line":24,"loc":{"start":{"line":24,"column":35},"end":{"line":24,"column":70}},"locations":[{"start":{"line":24,"column":35},"end":{"line":24,"column":70}}]},"6":{"type":"branch","line":24,"loc":{"start":{"line":24,"column":72},"end":{"line":27,"column":7}},"locations":[{"start":{"line":24,"column":72},"end":{"line":27,"column":7}}]},"7":{"type":"branch","line":29,"loc":{"start":{"line":29,"column":-1},"end":{"line":33,"column":36}},"locations":[{"start":{"line":29,"column":-1},"end":{"line":33,"column":36}}]},"8":{"type":"branch","line":33,"loc":{"start":{"line":33,"column":36},"end":{"line":39,"column":5}},"locations":[{"start":{"line":33,"column":36},"end":{"line":39,"column":5}}]},"9":{"type":"branch","line":35,"loc":{"start":{"line":35,"column":78},"end":{"line":38,"column":7}},"locations":[{"start":{"line":35,"column":78},"end":{"line":38,"column":7}}]},"10":{"type":"branch","line":40,"loc":{"start":{"line":40,"column":-1},"end":{"line":41,"column":25}},"locations":[{"start":{"line":40,"column":-1},"end":{"line":41,"column":25}}]},"11":{"type":"branch","line":41,"loc":{"start":{"line":41,"column":25},"end":{"line":47,"column":3}},"locations":[{"start":{"line":41,"column":25},"end":{"line":47,"column":3}}]},"12":{"type":"branch","line":49,"loc":{"start":{"line":49,"column":9},"end":{"line":60,"column":3}},"locations":[{"start":{"line":49,"column":9},"end":{"line":60,"column":3}}]},"13":{"type":"branch","line":50,"loc":{"start":{"line":50,"column":36},"end":{"line":52,"column":5}},"locations":[{"start":{"line":50,"column":36},"end":{"line":52,"column":5}}]},"14":{"type":"branch","line":53,"loc":{"start":{"line":53,"column":-1},"end":{"line":60,"column":3}},"locations":[{"start":{"line":53,"column":-1},"end":{"line":60,"column":3}}]}},"b":{"0":[10],"1":[11],"2":[1],"3":[10],"4":[13],"5":[5],"6":[8],"7":[2],"8":[4],"9":[2],"10":[2],"11":[1],"12":[4],"13":[1],"14":[3]},"fnMap":{"0":{"name":"AccountRotator","decl":{"start":{"line":7,"column":2},"end":{"line":10,"column":3}},"loc":{"start":{"line":7,"column":2},"end":{"line":10,"column":3}},"line":7},"1":{"name":"getCurrentAccount","decl":{"start":{"line":12,"column":9},"end":{"line":47,"column":3}},"loc":{"start":{"line":12,"column":9},"end":{"line":47,"column":3}},"line":12},"2":{"name":"markCurrentExhausted","decl":{"start":{"line":49,"column":9},"end":{"line":60,"column":3}},"loc":{"start":{"line":49,"column":9},"end":{"line":60,"column":3}},"line":49}},"f":{"0":10,"1":11,"2":4}}
,"/home/gooseware/repos/antigravity/quota/src/auth/TokenStorageReader.ts": {"path":"/home/gooseware/repos/antigravity/quota/src/auth/TokenStorageReader.ts","all":false,"statementMap":{"0":{"start":{"line":1,"column":0},"end":{"line":1,"column":25}},"1":{"start":{"line":2,"column":0},"end":{"line":2,"column":29}},"2":{"start":{"line":3,"column":0},"end":{"line":3,"column":25}},"3":{"start":{"line":4,"column":0},"end":{"line":4,"column":0}},"4":{"start":{"line":5,"column":0},"end":{"line":5,"column":36}},"5":{"start":{"line":6,"column":0},"end":{"line":6,"column":23}},"6":{"start":{"line":7,"column":0},"end":{"line":7,"column":16}},"7":{"start":{"line":8,"column":0},"end":{"line":8,"column":19}},"8":{"start":{"line":9,"column":0},"end":{"line":9,"column":20}},"9":{"start":{"line":10,"column":0},"end":{"line":10,"column":28}},"10":{"start":{"line":11,"column":0},"end":{"line":11,"column":1}},"11":{"start":{"line":12,"column":0},"end":{"line":12,"column":0}},"12":{"start":{"line":13,"column":0},"end":{"line":13,"column":35}},"13":{"start":{"line":14,"column":0},"end":{"line":14,"column":18}},"14":{"start":{"line":15,"column":0},"end":{"line":15,"column":32}},"15":{"start":{"line":16,"column":0},"end":{"line":16,"column":22}},"16":{"start":{"line":17,"column":0},"end":{"line":17,"column":1}},"17":{"start":{"line":18,"column":0},"end":{"line":18,"column":0}},"18":{"start":{"line":19,"column":0},"end":{"line":19,"column":33}},"19":{"start":{"line":20,"column":0},"end":{"line":20,"column":45}},"20":{"start":{"line":21,"column":0},"end":{"line":21,"column":35}},"21":{"start":{"line":22,"column":0},"end":{"line":22,"column":0}},"22":{"start":{"line":23,"column":0},"end":{"line":23,"column":17}},"23":{"start":{"line":24,"column":0},"end":{"line":24,"column":16}},"24":{"start":{"line":25,"column":0},"end":{"line":25,"column":3}},"25":{"start":{"line":26,"column":0},"end":{"line":26,"column":0}},"26":{"start":{"line":27,"column":0},"end":{"line":27,"column":45}},"27":{"start":{"line":28,"column":0},"end":{"line":28,"column":25}},"28":{"start":{"line":29,"column":0},"end":{"line":29,"column":3}},"29":{"start":{"line":30,"column":0},"end":{"line":30,"column":0}},"30":{"start":{"line":31,"column":0},"end":{"line":31,"column":35}},"31":{"start":{"line":32,"column":0},"end":{"line":32,"column":28}},"32":{"start":{"line":33,"column":0},"end":{"line":33,"column":3}},"33":{"start":{"line":34,"column":0},"end":{"line":34,"column":0}},"34":{"start":{"line":35,"column":0},"end":{"line":35,"column":24}},"35":{"start":{"line":36,"column":0},"end":{"line":36,"column":46}},"36":{"start":{"line":37,"column":0},"end":{"line":37,"column":4}},"37":{"start":{"line":38,"column":0},"end":{"line":38,"column":38}},"38":{"start":{"line":39,"column":0},"end":{"line":39,"column":69}},"39":{"start":{"line":40,"column":0},"end":{"line":40,"column":13}},"40":{"start":{"line":41,"column":0},"end":{"line":41,"column":5}},"41":{"start":{"line":42,"column":0},"end":{"line":42,"column":0}},"42":{"start":{"line":43,"column":0},"end":{"line":43,"column":9}},"43":{"start":{"line":44,"column":0},"end":{"line":44,"column":60}},"44":{"start":{"line":45,"column":0},"end":{"line":45,"column":39}},"45":{"start":{"line":46,"column":0},"end":{"line":46,"column":0}},"46":{"start":{"line":47,"column":0},"end":{"line":47,"column":31}},"47":{"start":{"line":48,"column":0},"end":{"line":48,"column":90}},"48":{"start":{"line":49,"column":0},"end":{"line":49,"column":15}},"49":{"start":{"line":50,"column":0},"end":{"line":50,"column":7}},"50":{"start":{"line":51,"column":0},"end":{"line":51,"column":0}},"51":{"start":{"line":52,"column":0},"end":{"line":52,"column":47}},"52":{"start":{"line":53,"column":0},"end":{"line":53,"column":45}},"53":{"start":{"line":54,"column":0},"end":{"line":54,"column":51}},"54":{"start":{"line":55,"column":0},"end":{"line":55,"column":0}},"55":{"start":{"line":56,"column":0},"end":{"line":56,"column":21}},"56":{"start":{"line":57,"column":0},"end":{"line":57,"column":66}},"57":{"start":{"line":58,"column":0},"end":{"line":58,"column":5}},"58":{"start":{"line":59,"column":0},"end":{"line":59,"column":3}},"59":{"start":{"line":60,"column":0},"end":{"line":60,"column":0}},"60":{"start":{"line":61,"column":0},"end":{"line":61,"column":36}},"61":{"start":{"line":62,"column":0},"end":{"line":62,"column":54}},"62":{"start":{"line":63,"column":0},"end":{"line":63,"column":24}},"63":{"start":{"line":64,"column":0},"end":{"line":64,"column":81}},"64":{"start":{"line":65,"column":0},"end":{"line":65,"column":5}},"65":{"start":{"line":66,"column":0},"end":{"line":66,"column":4}},"66":{"start":{"line":67,"column":0},"end":{"line":67,"column":33}},"67":{"start":{"line":68,"column":0},"end":{"line":68,"column":82}},"68":{"start":{"line":69,"column":0},"end":{"line":69,"column":3}},"69":{"start":{"line":70,"column":0},"end":{"line":70,"column":1}}},"s":{"0":1,"1":1,"2":1,"3":1,"4":1,"5":1,"6":1,"7":1,"8":1,"9":1,"10":1,"11":1,"12":1,"13":1,"14":1,"15":1,"16":1,"17":1,"18":1,"19":1,"20":1,"21":1,"22":1,"23":4,"24":4,"25":1,"26":1,"27":4,"28":4,"29":1,"30":1,"31":2,"32":2,"33":1,"34":1,"35":4,"36":4,"37":4,"38":1,"39":1,"40":1,"41":3,"42":3,"43":3,"44":3,"45":3,"46":4,"47":1,"48":1,"49":1,"50":1,"51":1,"52":4,"53":4,"54":4,"55":4,"56":1,"57":1,"58":4,"59":1,"60":1,"61":4,"62":4,"63":0,"64":0,"65":4,"66":4,"67":4,"68":4,"69":1},"branchMap":{"0":{"type":"branch","line":23,"loc":{"start":{"line":23,"column":2},"end":{"line":25,"column":3}},"locations":[{"start":{"line":23,"column":2},"end":{"line":25,"column":3}}]},"1":{"type":"branch","line":27,"loc":{"start":{"line":27,"column":9},"end":{"line":29,"column":3}},"locations":[{"start":{"line":27,"column":9},"end":{"line":29,"column":3}}]},"2":{"type":"branch","line":31,"loc":{"start":{"line":31,"column":9},"end":{"line":33,"column":3}},"locations":[{"start":{"line":31,"column":9},"end":{"line":33,"column":3}}]},"3":{"type":"branch","line":35,"loc":{"start":{"line":35,"column":10},"end":{"line":59,"column":3}},"locations":[{"start":{"line":35,"column":10},"end":{"line":59,"column":3}}]},"4":{"type":"branch","line":38,"loc":{"start":{"line":38,"column":37},"end":{"line":41,"column":5}},"locations":[{"start":{"line":38,"column":37},"end":{"line":41,"column":5}}]},"5":{"type":"branch","line":42,"loc":{"start":{"line":42,"column":-1},"end":{"line":47,"column":30}},"locations":[{"start":{"line":42,"column":-1},"end":{"line":47,"column":30}}]},"6":{"type":"branch","line":47,"loc":{"start":{"line":47,"column":30},"end":{"line":53,"column":42}},"locations":[{"start":{"line":47,"column":30},"end":{"line":53,"column":42}}]},"7":{"type":"branch","line":53,"loc":{"start":{"line":53,"column":38},"end":{"line":53,"column":44}},"locations":[{"start":{"line":53,"column":38},"end":{"line":53,"column":44}}]},"8":{"type":"branch","line":54,"loc":{"start":{"line":54,"column":44},"end":{"line":54,"column":48}},"locations":[{"start":{"line":54,"column":44},"end":{"line":54,"column":48}}]},"9":{"type":"branch","line":54,"loc":{"start":{"line":54,"column":44},"end":{"line":54,"column":48}},"locations":[{"start":{"line":54,"column":44},"end":{"line":54,"column":48}}]},"10":{"type":"branch","line":54,"loc":{"start":{"line":54,"column":44},"end":{"line":54,"column":50}},"locations":[{"start":{"line":54,"column":44},"end":{"line":54,"column":50}}]},"11":{"type":"branch","line":56,"loc":{"start":{"line":56,"column":6},"end":{"line":58,"column":5}},"locations":[{"start":{"line":56,"column":6},"end":{"line":58,"column":5}}]},"12":{"type":"branch","line":61,"loc":{"start":{"line":61,"column":10},"end":{"line":69,"column":3}},"locations":[{"start":{"line":61,"column":10},"end":{"line":69,"column":3}}]},"13":{"type":"branch","line":63,"loc":{"start":{"line":63,"column":23},"end":{"line":65,"column":5}},"locations":[{"start":{"line":63,"column":23},"end":{"line":65,"column":5}}]}},"b":{"0":[4],"1":[4],"2":[2],"3":[4],"4":[1],"5":[3],"6":[1],"7":[0],"8":[1],"9":[1],"10":[0],"11":[1],"12":[4],"13":[0]},"fnMap":{"0":{"name":"TokenStorageReader","decl":{"start":{"line":23,"column":2},"end":{"line":25,"column":3}},"loc":{"start":{"line":23,"column":2},"end":{"line":25,"column":3}},"line":23},"1":{"name":"getAccounts","decl":{"start":{"line":27,"column":9},"end":{"line":29,"column":3}},"loc":{"start":{"line":27,"column":9},"end":{"line":29,"column":3}},"line":27},"2":{"name":"getActiveIndex","decl":{"start":{"line":31,"column":9},"end":{"line":33,"column":3}},"loc":{"start":{"line":31,"column":9},"end":{"line":33,"column":3}},"line":31},"3":{"name":"load","decl":{"start":{"line":35,"column":10},"end":{"line":59,"column":3}},"loc":{"start":{"line":35,"column":10},"end":{"line":59,"column":3}},"line":35},"4":{"name":"getStoragePath","decl":{"start":{"line":61,"column":10},"end":{"line":69,"column":3}},"loc":{"start":{"line":61,"column":10},"end":{"line":69,"column":3}},"line":61}},"f":{"0":4,"1":4,"2":2,"3":4,"4":4}}
,"/home/gooseware/repos/antigravity/quota/src/quota/LSPFinder.ts": {"path":"/home/gooseware/repos/antigravity/quota/src/quota/LSPFinder.ts","all":false,"statementMap":{"0":{"start":{"line":1,"column":0},"end":{"line":1,"column":38}},"1":{"start":{"line":2,"column":0},"end":{"line":2,"column":37}},"2":{"start":{"line":3,"column":0},"end":{"line":3,"column":0}},"3":{"start":{"line":4,"column":0},"end":{"line":4,"column":24}},"4":{"start":{"line":5,"column":0},"end":{"line":5,"column":83}},"5":{"start":{"line":6,"column":0},"end":{"line":6,"column":37}},"6":{"start":{"line":7,"column":0},"end":{"line":7,"column":38}},"7":{"start":{"line":8,"column":0},"end":{"line":8,"column":43}},"8":{"start":{"line":9,"column":0},"end":{"line":9,"column":25}},"9":{"start":{"line":10,"column":0},"end":{"line":10,"column":28}},"10":{"start":{"line":11,"column":0},"end":{"line":11,"column":9}},"11":{"start":{"line":12,"column":0},"end":{"line":12,"column":0}},"12":{"start":{"line":13,"column":0},"end":{"line":13,"column":28}},"13":{"start":{"line":14,"column":0},"end":{"line":14,"column":19}},"14":{"start":{"line":15,"column":0},"end":{"line":15,"column":22}},"15":{"start":{"line":16,"column":0},"end":{"line":16,"column":9}},"16":{"start":{"line":17,"column":0},"end":{"line":17,"column":0}},"17":{"start":{"line":18,"column":0},"end":{"line":18,"column":24}},"18":{"start":{"line":19,"column":0},"end":{"line":19,"column":0}},"19":{"start":{"line":20,"column":0},"end":{"line":20,"column":31}},"20":{"start":{"line":21,"column":0},"end":{"line":21,"column":26}},"21":{"start":{"line":22,"column":0},"end":{"line":22,"column":0}},"22":{"start":{"line":23,"column":0},"end":{"line":23,"column":59}},"23":{"start":{"line":24,"column":0},"end":{"line":24,"column":55}},"24":{"start":{"line":25,"column":0},"end":{"line":25,"column":73}},"25":{"start":{"line":26,"column":0},"end":{"line":26,"column":72}},"26":{"start":{"line":27,"column":0},"end":{"line":27,"column":0}},"27":{"start":{"line":28,"column":0},"end":{"line":28,"column":51}},"28":{"start":{"line":29,"column":0},"end":{"line":29,"column":25}},"29":{"start":{"line":30,"column":0},"end":{"line":30,"column":21}},"30":{"start":{"line":31,"column":0},"end":{"line":31,"column":42}},"31":{"start":{"line":32,"column":0},"end":{"line":32,"column":38}},"32":{"start":{"line":33,"column":0},"end":{"line":33,"column":47}},"33":{"start":{"line":34,"column":0},"end":{"line":34,"column":15}},"34":{"start":{"line":35,"column":0},"end":{"line":35,"column":22}},"35":{"start":{"line":36,"column":0},"end":{"line":36,"column":23}},"36":{"start":{"line":37,"column":0},"end":{"line":37,"column":11}},"37":{"start":{"line":38,"column":0},"end":{"line":38,"column":9}},"38":{"start":{"line":39,"column":0},"end":{"line":39,"column":9}},"39":{"start":{"line":40,"column":0},"end":{"line":40,"column":0}},"40":{"start":{"line":41,"column":0},"end":{"line":41,"column":28}},"41":{"start":{"line":42,"column":0},"end":{"line":42,"column":21}},"42":{"start":{"line":43,"column":0},"end":{"line":43,"column":24}},"43":{"start":{"line":44,"column":0},"end":{"line":44,"column":9}},"44":{"start":{"line":45,"column":0},"end":{"line":45,"column":9}},"45":{"start":{"line":46,"column":0},"end":{"line":46,"column":7}},"46":{"start":{"line":47,"column":0},"end":{"line":47,"column":3}},"47":{"start":{"line":48,"column":0},"end":{"line":48,"column":1}}},"s":{"0":1,"1":1,"2":1,"3":1,"4":1,"5":3,"6":3,"7":3,"8":3,"9":3,"10":3,"11":3,"12":3,"13":1,"14":1,"15":3,"16":3,"17":3,"18":3,"19":3,"20":3,"21":2,"22":3,"23":1,"24":1,"25":1,"26":1,"27":1,"28":1,"29":1,"30":1,"31":1,"32":1,"33":1,"34":1,"35":1,"36":1,"37":1,"38":3,"39":3,"40":3,"41":1,"42":1,"43":1,"44":3,"45":3,"46":3,"47":1},"branchMap":{"0":{"type":"branch","line":5,"loc":{"start":{"line":5,"column":2},"end":{"line":47,"column":3}},"locations":[{"start":{"line":5,"column":2},"end":{"line":47,"column":3}}]},"1":{"type":"branch","line":6,"loc":{"start":{"line":6,"column":23},"end":{"line":46,"column":5}},"locations":[{"start":{"line":6,"column":23},"end":{"line":46,"column":5}}]},"2":{"type":"branch","line":13,"loc":{"start":{"line":13,"column":21},"end":{"line":16,"column":7}},"locations":[{"start":{"line":13,"column":21},"end":{"line":16,"column":7}}]},"3":{"type":"branch","line":20,"loc":{"start":{"line":20,"column":20},"end":{"line":39,"column":7}},"locations":[{"start":{"line":20,"column":20},"end":{"line":39,"column":7}}]},"4":{"type":"branch","line":21,"loc":{"start":{"line":21,"column":19},"end":{"line":21,"column":26}},"locations":[{"start":{"line":21,"column":19},"end":{"line":21,"column":26}}]},"5":{"type":"branch","line":22,"loc":{"start":{"line":22,"column":-1},"end":{"line":23,"column":58}},"locations":[{"start":{"line":22,"column":-1},"end":{"line":23,"column":58}}]},"6":{"type":"branch","line":23,"loc":{"start":{"line":23,"column":58},"end":{"line":38,"column":9}},"locations":[{"start":{"line":23,"column":58},"end":{"line":38,"column":9}}]},"7":{"type":"branch","line":41,"loc":{"start":{"line":41,"column":21},"end":{"line":45,"column":7}},"locations":[{"start":{"line":41,"column":21},"end":{"line":45,"column":7}}]}},"b":{"0":[3],"1":[3],"2":[1],"3":[3],"4":[1],"5":[2],"6":[1],"7":[1]},"fnMap":{"0":{"name":"findProcess","decl":{"start":{"line":5,"column":2},"end":{"line":47,"column":3}},"loc":{"start":{"line":5,"column":2},"end":{"line":47,"column":3}},"line":5}},"f":{"0":3}}
,"/home/gooseware/repos/antigravity/quota/src/quota/QuotaPoller.ts": {"path":"/home/gooseware/repos/antigravity/quota/src/quota/QuotaPoller.ts","all":false,"statementMap":{"0":{"start":{"line":1,"column":0},"end":{"line":1,"column":26}},"1":{"start":{"line":2,"column":0},"end":{"line":2,"column":0}},"2":{"start":{"line":3,"column":0},"end":{"line":3,"column":28}},"3":{"start":{"line":4,"column":0},"end":{"line":4,"column":30}},"4":{"start":{"line":5,"column":0},"end":{"line":5,"column":22}},"5":{"start":{"line":6,"column":0},"end":{"line":6,"column":1}},"6":{"start":{"line":7,"column":0},"end":{"line":7,"column":0}},"7":{"start":{"line":8,"column":0},"end":{"line":8,"column":26}},"8":{"start":{"line":9,"column":0},"end":{"line":9,"column":82}},"9":{"start":{"line":10,"column":0},"end":{"line":10,"column":13}},"10":{"start":{"line":11,"column":0},"end":{"line":11,"column":110}},"11":{"start":{"line":12,"column":0},"end":{"line":12,"column":51}},"12":{"start":{"line":13,"column":0},"end":{"line":13,"column":66}},"13":{"start":{"line":14,"column":0},"end":{"line":14,"column":17}},"14":{"start":{"line":15,"column":0},"end":{"line":15,"column":30}},"15":{"start":{"line":16,"column":0},"end":{"line":16,"column":59}},"16":{"start":{"line":17,"column":0},"end":{"line":17,"column":57}},"17":{"start":{"line":18,"column":0},"end":{"line":18,"column":21}},"18":{"start":{"line":19,"column":0},"end":{"line":19,"column":17}},"19":{"start":{"line":20,"column":0},"end":{"line":20,"column":14}},"20":{"start":{"line":21,"column":0},"end":{"line":21,"column":0}},"21":{"start":{"line":22,"column":0},"end":{"line":22,"column":75}},"22":{"start":{"line":23,"column":0},"end":{"line":23,"column":29}},"23":{"start":{"line":24,"column":0},"end":{"line":24,"column":28}},"24":{"start":{"line":25,"column":0},"end":{"line":25,"column":13}},"25":{"start":{"line":26,"column":0},"end":{"line":26,"column":0}},"26":{"start":{"line":27,"column":0},"end":{"line":27,"column":20}},"27":{"start":{"line":28,"column":0},"end":{"line":28,"column":63}},"28":{"start":{"line":29,"column":0},"end":{"line":29,"column":46}},"29":{"start":{"line":30,"column":0},"end":{"line":30,"column":14}},"30":{"start":{"line":31,"column":0},"end":{"line":31,"column":25}},"31":{"start":{"line":32,"column":0},"end":{"line":32,"column":24}},"32":{"start":{"line":33,"column":0},"end":{"line":33,"column":9}},"33":{"start":{"line":34,"column":0},"end":{"line":34,"column":5}},"34":{"start":{"line":35,"column":0},"end":{"line":35,"column":1}}},"s":{"0":1,"1":1,"2":1,"3":1,"4":1,"5":1,"6":1,"7":1,"8":1,"9":3,"10":3,"11":3,"12":3,"13":3,"14":3,"15":3,"16":3,"17":3,"18":3,"19":3,"20":2,"21":3,"22":3,"23":1,"24":1,"25":1,"26":1,"27":1,"28":1,"29":1,"30":1,"31":1,"32":1,"33":3,"34":1},"branchMap":{"0":{"type":"branch","line":9,"loc":{"start":{"line":9,"column":4},"end":{"line":34,"column":5}},"locations":[{"start":{"line":9,"column":4},"end":{"line":34,"column":5}}]},"1":{"type":"branch","line":21,"loc":{"start":{"line":21,"column":-1},"end":{"line":22,"column":45}},"locations":[{"start":{"line":21,"column":-1},"end":{"line":22,"column":45}}]},"2":{"type":"branch","line":22,"loc":{"start":{"line":22,"column":43},"end":{"line":22,"column":45}},"locations":[{"start":{"line":22,"column":43},"end":{"line":22,"column":45}}]},"3":{"type":"branch","line":22,"loc":{"start":{"line":22,"column":43},"end":{"line":22,"column":63}},"locations":[{"start":{"line":22,"column":43},"end":{"line":22,"column":63}}]},"4":{"type":"branch","line":22,"loc":{"start":{"line":22,"column":63},"end":{"line":22,"column":65}},"locations":[{"start":{"line":22,"column":63},"end":{"line":22,"column":65}}]},"5":{"type":"branch","line":22,"loc":{"start":{"line":22,"column":63},"end":{"line":22,"column":65}},"locations":[{"start":{"line":22,"column":63},"end":{"line":22,"column":65}}]},"6":{"type":"branch","line":22,"loc":{"start":{"line":22,"column":63},"end":{"line":22,"column":74}},"locations":[{"start":{"line":22,"column":63},"end":{"line":22,"column":74}}]},"7":{"type":"branch","line":23,"loc":{"start":{"line":23,"column":28},"end":{"line":33,"column":9}},"locations":[{"start":{"line":23,"column":28},"end":{"line":33,"column":9}}]}},"b":{"0":[3],"1":[2],"2":[0],"3":[2],"4":[2],"5":[1],"6":[1],"7":[1]},"fnMap":{"0":{"name":"checkQuota","decl":{"start":{"line":9,"column":4},"end":{"line":34,"column":5}},"loc":{"start":{"line":9,"column":4},"end":{"line":34,"column":5}},"line":9}},"f":{"0":3}}
}
