TN:
SF:src/index.ts
FN:1,get
FN:2,get
FN:2,get
FN:3,get
FN:3,get
FN:13,get
FN:14,get
FN:15,get
FN:16,get
FN:17,get
FN:18,get
FN:18,get
FN:19,get
FN:20,get
FN:21,get
FN:24,get
FN:25,get
FN:26,get
FN:27,get
FNF:19
FNH:1
FNDA:0,get
FNDA:0,get
FNDA:7,get
FNDA:0,get
FNDA:0,get
FNDA:0,get
FNDA:0,get
FNDA:0,get
FNDA:0,get
FNDA:0,get
FNDA:0,get
FNDA:0,get
FNDA:0,get
FNDA:0,get
FNDA:0,get
FNDA:0,get
FNDA:0,get
FNDA:0,get
FNDA:0,get
DA:1,1
DA:2,1
DA:3,1
DA:4,1
DA:5,1
DA:6,1
DA:7,1
DA:8,1
DA:9,1
DA:10,1
DA:11,1
DA:12,1
DA:13,1
DA:14,1
DA:15,1
DA:16,1
DA:17,1
DA:18,1
DA:19,1
DA:20,1
DA:21,1
DA:22,1
DA:23,1
DA:24,1
DA:25,1
DA:26,1
DA:27,1
DA:28,1
LF:28
LH:28
BRDA:2,0,0,7
BRF:1
BRH:1
end_of_record
TN:
SF:src/manager.ts
FN:32,QuotaManager
FN:75,QuotaManager.initialize
FN:79,QuotaManager.getToken
FN:84,QuotaManager.getQuota
FN:105,QuotaManager.getQuotaViaApi
FN:165,QuotaManager.getAllQuotasViaApi
FN:210,QuotaManager.rotateAccount
FN:221,QuotaManager.selectBestModel
FN:232,QuotaManager.updateQuotaForModel
FN:236,QuotaManager.getQuotaTracker
FN:240,QuotaManager.setModelRotationStrategy
FN:250,activate
FN:255,getToken
FN:259,getQuota
FN:263,rotateAccount
FN:267,selectBestModel
FN:271,updateQuotaForModel
FN:275,getQuotaTracker
FN:279,setModelRotationStrategy
FNF:19
FNH:9
FNDA:6,QuotaManager
FNDA:6,QuotaManager.initialize
FNDA:2,QuotaManager.getToken
FNDA:2,QuotaManager.getQuota
FNDA:0,QuotaManager.getQuotaViaApi
FNDA:0,QuotaManager.getAllQuotasViaApi
FNDA:1,QuotaManager.rotateAccount
FNDA:0,QuotaManager.selectBestModel
FNDA:0,QuotaManager.updateQuotaForModel
FNDA:0,QuotaManager.getQuotaTracker
FNDA:0,QuotaManager.setModelRotationStrategy
FNDA:6,activate
FNDA:2,getToken
FNDA:2,getQuota
FNDA:1,rotateAccount
FNDA:0,selectBestModel
FNDA:0,updateQuotaForModel
FNDA:0,getQuotaTracker
FNDA:0,setModelRotationStrategy
DA:1,1
DA:2,1
DA:3,1
DA:4,1
DA:5,1
DA:6,1
DA:7,1
DA:8,1
DA:9,1
DA:10,1
DA:11,1
DA:12,1
DA:13,1
DA:14,2
DA:15,2
DA:16,2
DA:17,2
DA:18,2
DA:19,2
DA:20,2
DA:21,2
DA:22,2
DA:23,2
DA:24,2
DA:25,2
DA:26,2
DA:27,2
DA:28,2
DA:29,2
DA:30,2
DA:31,2
DA:32,2
DA:33,6
DA:34,0
DA:35,0
DA:36,0
DA:37,6
DA:38,6
DA:39,6
DA:40,6
DA:41,6
DA:42,6
DA:43,6
DA:44,6
DA:45,6
DA:46,6
DA:47,6
DA:48,6
DA:49,6
DA:50,6
DA:51,6
DA:52,6
DA:53,6
DA:54,6
DA:55,6
DA:56,6
DA:57,6
DA:58,6
DA:59,6
DA:60,6
DA:61,6
DA:62,6
DA:63,6
DA:64,6
DA:65,6
DA:66,0
DA:67,0
DA:68,0
DA:69,0
DA:70,0
DA:71,0
DA:72,0
DA:73,6
DA:74,2
DA:75,2
DA:76,6
DA:77,6
DA:78,2
DA:79,2
DA:80,2
DA:81,2
DA:82,2
DA:83,2
DA:84,2
DA:85,2
DA:86,1
DA:87,2
DA:88,2
DA:89,2
DA:90,1
DA:91,1
DA:92,1
DA:93,1
DA:94,1
DA:95,1
DA:96,1
DA:97,2
DA:98,2
DA:99,0
DA:100,0
DA:101,2
DA:102,2
DA:103,2
DA:104,2
DA:105,2
DA:106,0
DA:107,0
DA:108,0
DA:109,0
DA:110,0
DA:111,0
DA:112,0
DA:113,0
DA:114,0
DA:115,0
DA:116,0
DA:117,0
DA:118,0
DA:119,0
DA:120,0
DA:121,0
DA:122,0
DA:123,0
DA:124,0
DA:125,0
DA:126,0
DA:127,0
DA:128,0
DA:129,0
DA:130,0
DA:131,0
DA:132,0
DA:133,0
DA:134,0
DA:135,0
DA:136,0
DA:137,0
DA:138,0
DA:139,0
DA:140,0
DA:141,0
DA:142,0
DA:143,0
DA:144,0
DA:145,0
DA:146,0
DA:147,0
DA:148,0
DA:149,0
DA:150,0
DA:151,0
DA:152,0
DA:153,0
DA:154,0
DA:155,0
DA:156,0
DA:157,0
DA:158,0
DA:159,0
DA:160,0
DA:161,0
DA:162,0
DA:163,0
DA:164,2
DA:165,2
DA:166,0
DA:167,0
DA:168,0
DA:169,0
DA:170,0
DA:171,0
DA:172,0
DA:173,0
DA:174,0
DA:175,0
DA:176,0
DA:177,0
DA:178,0
DA:179,0
DA:180,0
DA:181,0
DA:182,0
DA:183,0
DA:184,0
DA:185,0
DA:186,0
DA:187,0
DA:188,0
DA:189,0
DA:190,0
DA:191,0
DA:192,0
DA:193,0
DA:194,0
DA:195,0
DA:196,0
DA:197,0
DA:198,0
DA:199,0
DA:200,0
DA:201,0
DA:202,0
DA:203,0
DA:204,0
DA:205,0
DA:206,0
DA:207,0
DA:208,0
DA:209,2
DA:210,2
DA:211,1
DA:212,1
DA:213,1
DA:214,1
DA:215,1
DA:216,1
DA:217,1
DA:218,1
DA:219,1
DA:220,2
DA:221,2
DA:222,0
DA:223,0
DA:224,0
DA:225,0
DA:226,0
DA:227,0
DA:228,0
DA:229,0
DA:230,0
DA:231,2
DA:232,2
DA:233,0
DA:234,0
DA:235,2
DA:236,2
DA:237,0
DA:238,0
DA:239,2
DA:240,2
DA:241,0
DA:242,0
DA:243,0
DA:244,0
DA:245,0
DA:246,0
DA:247,0
DA:248,2
DA:249,1
DA:250,6
DA:251,6
DA:252,6
DA:253,6
DA:254,6
DA:255,6
DA:256,2
DA:257,2
DA:258,6
DA:259,6
DA:260,2
DA:261,2
DA:262,6
DA:263,6
DA:264,1
DA:265,1
DA:266,6
DA:267,6
DA:268,0
DA:269,6
DA:270,6
DA:271,6
DA:272,0
DA:273,6
DA:274,6
DA:275,6
DA:276,0
DA:277,6
DA:278,6
DA:279,6
DA:280,0
DA:281,6
DA:282,6
DA:283,6
LF:283
LH:146
BRDA:14,0,0,2
BRDA:32,1,0,6
BRDA:33,2,0,0
BRDA:56,3,0,0
BRDA:59,4,0,0
BRDA:62,5,0,0
BRDA:62,6,0,0
BRDA:65,7,0,0
BRDA:65,8,0,0
BRDA:75,9,0,6
BRDA:79,10,0,2
BRDA:81,11,0,1
BRDA:81,12,0,1
BRDA:84,13,0,2
BRDA:85,14,0,1
BRDA:89,15,0,1
BRDA:98,16,0,0
BRDA:210,17,0,1
BRDA:217,18,0,0
BRDA:250,19,0,6
BRDA:255,20,0,2
BRDA:259,21,0,2
BRDA:263,22,0,1
BRF:23
BRH:14
end_of_record
TN:
SF:src/oh-my-opencode.ts
FN:8,createOhMyOpenCodeIntegration
FN:73,generateOhMyOpenCodeConfig
FNF:2
FNH:0
FNDA:0,createOhMyOpenCodeIntegration
FNDA:0,generateOhMyOpenCodeConfig
DA:1,1
DA:2,1
DA:3,1
DA:4,1
DA:5,1
DA:6,1
DA:7,1
DA:8,0
DA:9,0
DA:10,0
DA:11,0
DA:12,0
DA:13,0
DA:14,0
DA:15,0
DA:16,0
DA:17,0
DA:18,0
DA:19,0
DA:20,0
DA:21,0
DA:22,0
DA:23,0
DA:24,0
DA:25,0
DA:26,0
DA:27,0
DA:28,0
DA:29,0
DA:30,0
DA:31,0
DA:32,0
DA:33,0
DA:34,0
DA:35,0
DA:36,0
DA:37,0
DA:38,0
DA:39,0
DA:40,0
DA:41,0
DA:42,0
DA:43,0
DA:44,0
DA:45,0
DA:46,0
DA:47,0
DA:48,0
DA:49,0
DA:50,0
DA:51,0
DA:52,0
DA:53,0
DA:54,0
DA:55,0
DA:56,0
DA:57,0
DA:58,0
DA:59,0
DA:60,0
DA:61,0
DA:62,0
DA:63,0
DA:64,0
DA:65,0
DA:66,0
DA:67,0
DA:68,0
DA:69,0
DA:70,0
DA:71,0
DA:72,1
DA:73,0
DA:74,0
DA:75,0
DA:76,0
DA:77,0
DA:78,0
DA:79,0
DA:80,0
DA:81,0
DA:82,0
DA:83,0
DA:84,0
DA:85,0
DA:86,0
DA:87,0
DA:88,0
DA:89,0
DA:90,0
DA:91,0
DA:92,0
DA:93,0
DA:94,0
DA:95,0
DA:96,0
LF:96
LH:8
BRF:0
BRH:0
end_of_record
TN:
SF:src/plugin.ts
FN:8,logToFile
FN:47,tool
FN:55,loadQuotaConfig
FN:70,plugin
FN:205,get
FN:206,get
FN:207,get
FNF:7
FNH:0
FNDA:0,logToFile
FNDA:0,tool
FNDA:0,loadQuotaConfig
FNDA:0,plugin
FNDA:0,get
FNDA:0,get
FNDA:0,get
DA:1,1
DA:2,1
DA:3,1
DA:4,1
DA:5,1
DA:6,1
DA:7,1
DA:8,0
DA:9,0
DA:10,0
DA:11,0
DA:12,1
DA:13,1
DA:14,1
DA:15,1
DA:16,1
DA:17,1
DA:18,1
DA:19,1
DA:20,1
DA:21,1
DA:22,1
DA:23,1
DA:24,1
DA:25,1
DA:26,1
DA:27,1
DA:28,1
DA:29,1
DA:30,1
DA:31,1
DA:32,1
DA:33,1
DA:34,1
DA:35,1
DA:36,1
DA:37,1
DA:38,1
DA:39,1
DA:40,1
DA:41,1
DA:42,1
DA:43,1
DA:44,1
DA:45,1
DA:46,1
DA:47,0
DA:48,0
DA:49,0
DA:50,1
DA:51,1
DA:52,1
DA:53,1
DA:54,1
DA:55,0
DA:56,0
DA:57,0
DA:58,0
DA:59,0
DA:60,0
DA:61,0
DA:62,0
DA:63,0
DA:64,0
DA:65,0
DA:66,0
DA:67,0
DA:68,0
DA:69,1
DA:70,1
DA:71,0
DA:72,0
DA:73,0
DA:74,0
DA:75,0
DA:76,0
DA:77,0
DA:78,0
DA:79,0
DA:80,0
DA:81,0
DA:82,0
DA:83,0
DA:84,0
DA:85,0
DA:86,0
DA:87,0
DA:88,0
DA:89,0
DA:90,0
DA:91,0
DA:92,0
DA:93,0
DA:94,0
DA:95,0
DA:96,0
DA:97,0
DA:98,0
DA:99,0
DA:100,0
DA:101,0
DA:102,0
DA:103,0
DA:104,0
DA:105,0
DA:106,0
DA:107,0
DA:108,0
DA:109,0
DA:110,0
DA:111,0
DA:112,0
DA:113,0
DA:114,0
DA:115,0
DA:116,0
DA:117,0
DA:118,0
DA:119,0
DA:120,0
DA:121,0
DA:122,0
DA:123,0
DA:124,0
DA:125,0
DA:126,0
DA:127,0
DA:128,0
DA:129,0
DA:130,0
DA:131,0
DA:132,0
DA:133,0
DA:134,0
DA:135,0
DA:136,0
DA:137,0
DA:138,0
DA:139,0
DA:140,0
DA:141,0
DA:142,0
DA:143,0
DA:144,0
DA:145,0
DA:146,0
DA:147,0
DA:148,0
DA:149,0
DA:150,0
DA:151,0
DA:152,0
DA:153,0
DA:154,0
DA:155,0
DA:156,0
DA:157,0
DA:158,0
DA:159,0
DA:160,0
DA:161,0
DA:162,0
DA:163,0
DA:164,0
DA:165,0
DA:166,0
DA:167,0
DA:168,0
DA:169,0
DA:170,0
DA:171,0
DA:172,0
DA:173,0
DA:174,0
DA:175,0
DA:176,0
DA:177,0
DA:178,0
DA:179,0
DA:180,0
DA:181,0
DA:182,0
DA:183,0
DA:184,0
DA:185,0
DA:186,0
DA:187,0
DA:188,0
DA:189,0
DA:190,0
DA:191,0
DA:192,0
DA:193,0
DA:194,0
DA:195,0
DA:196,0
DA:197,0
DA:198,1
DA:199,1
DA:200,1
DA:201,1
DA:202,1
DA:203,1
DA:204,1
DA:205,1
DA:206,1
DA:207,1
DA:208,1
LF:208
LH:60
BRF:0
BRH:0
end_of_record
TN:
SF:src/auth/AccountRotator.ts
FN:10,AccountRotator
FN:19,AccountRotator.getCurrentAccount
FN:56,AccountRotator.markCurrentExhausted
FN:81,AccountRotator.saveToDisk
FN:108,AccountRotator.getStoragePath
FNF:5
FNH:5
FNDA:12,AccountRotator
FNDA:13,AccountRotator.getCurrentAccount
FNDA:6,AccountRotator.markCurrentExhausted
FNDA:5,AccountRotator.saveToDisk
FNDA:5,AccountRotator.getStoragePath
DA:1,1
DA:2,1
DA:3,1
DA:4,1
DA:5,1
DA:6,4
DA:7,4
DA:8,4
DA:9,4
DA:10,4
DA:11,12
DA:12,0
DA:13,0
DA:14,0
DA:15,12
DA:16,12
DA:17,12
DA:18,4
DA:19,4
DA:20,13
DA:21,1
DA:22,1
DA:23,12
DA:24,12
DA:25,12
DA:26,12
DA:27,13
DA:28,15
DA:29,15
DA:30,15
DA:31,15
DA:32,10
DA:33,10
DA:34,10
DA:35,15
DA:36,2
DA:37,2
DA:38,2
DA:39,2
DA:40,11
DA:41,4
DA:42,4
DA:43,2
DA:44,2
DA:45,2
DA:46,4
DA:47,2
DA:48,11
DA:49,1
DA:50,1
DA:51,1
DA:52,1
DA:53,1
DA:54,1
DA:55,4
DA:56,4
DA:57,6
DA:58,1
DA:59,1
DA:60,5
DA:61,5
DA:62,5
DA:63,6
DA:64,0
DA:65,0
DA:66,0
DA:67,0
DA:68,0
DA:69,0
DA:70,6
DA:71,5
DA:72,5
DA:73,5
DA:74,5
DA:75,5
DA:76,5
DA:77,5
DA:78,5
DA:79,5
DA:80,4
DA:81,4
DA:82,5
DA:83,5
DA:84,5
DA:85,5
DA:86,5
DA:87,0
DA:88,0
DA:89,0
DA:90,0
DA:91,0
DA:92,0
DA:93,0
DA:94,5
DA:95,5
DA:96,5
DA:97,5
DA:98,5
DA:99,5
DA:100,5
DA:101,5
DA:102,5
DA:103,5
DA:104,0
DA:105,0
DA:106,5
DA:107,4
DA:108,4
DA:109,5
DA:110,5
DA:111,0
DA:112,0
DA:113,5
DA:114,5
DA:115,5
DA:116,5
DA:117,4
LF:117
LH:97
BRDA:6,0,0,4
BRDA:10,1,0,12
BRDA:11,2,0,0
BRDA:19,3,0,13
BRDA:20,4,0,1
BRDA:23,5,0,12
BRDA:27,6,0,15
BRDA:31,7,0,5
BRDA:31,8,0,10
BRDA:36,9,0,11
BRDA:36,10,0,2
BRDA:40,11,0,4
BRDA:42,12,0,2
BRDA:47,13,0,2
BRDA:48,14,0,1
BRDA:56,15,0,6
BRDA:57,16,0,1
BRDA:60,17,0,5
BRDA:63,18,0,0
BRDA:70,19,0,5
BRDA:71,20,0,3
BRDA:81,21,0,5
BRDA:86,22,0,0
BRDA:103,23,0,0
BRDA:108,24,0,5
BRDA:110,25,0,0
BRF:26
BRH:21
end_of_record
TN:
SF:src/auth/TokenStorageReader.ts
FN:23,TokenStorageReader
FN:33,TokenStorageReader.getAccounts
FN:37,TokenStorageReader.getActiveIndex
FN:41,TokenStorageReader.load
FN:67,TokenStorageReader.getStoragePath
FNF:5
FNH:5
FNDA:4,TokenStorageReader
FNDA:4,TokenStorageReader.getAccounts
FNDA:2,TokenStorageReader.getActiveIndex
FNDA:4,TokenStorageReader.load
FNDA:4,TokenStorageReader.getStoragePath
DA:1,1
DA:2,1
DA:3,1
DA:4,1
DA:5,1
DA:6,1
DA:7,1
DA:8,1
DA:9,1
DA:10,1
DA:11,1
DA:12,1
DA:13,1
DA:14,1
DA:15,1
DA:16,1
DA:17,1
DA:18,1
DA:19,3
DA:20,3
DA:21,3
DA:22,3
DA:23,3
DA:24,4
DA:25,0
DA:26,0
DA:27,0
DA:28,4
DA:29,4
DA:30,4
DA:31,4
DA:32,3
DA:33,3
DA:34,4
DA:35,4
DA:36,3
DA:37,3
DA:38,2
DA:39,2
DA:40,3
DA:41,3
DA:42,4
DA:43,4
DA:44,4
DA:45,1
DA:46,1
DA:47,1
DA:48,3
DA:49,3
DA:50,3
DA:51,3
DA:52,3
DA:53,4
DA:54,1
DA:55,1
DA:56,1
DA:57,1
DA:58,1
DA:59,4
DA:60,4
DA:61,4
DA:62,4
DA:63,1
DA:64,1
DA:65,4
DA:66,3
DA:67,3
DA:68,4
DA:69,4
DA:70,0
DA:71,0
DA:72,4
DA:73,4
DA:74,4
DA:75,4
DA:76,3
LF:76
LH:71
BRDA:19,0,0,3
BRDA:23,1,0,4
BRDA:24,2,0,0
BRDA:33,3,0,4
BRDA:37,4,0,2
BRDA:41,5,0,4
BRDA:44,6,0,1
BRDA:48,7,0,3
BRDA:53,8,0,1
BRDA:59,9,0,0
BRDA:60,10,0,1
BRDA:60,11,0,1
BRDA:60,12,0,0
BRDA:62,13,0,1
BRDA:67,14,0,4
BRDA:69,15,0,0
BRF:16
BRH:12
end_of_record
TN:
SF:src/quota/ApiQuotaPoller.ts
FN:5,logToFile
FN:68,AuthenticationError
FN:77,ApiQuotaPoller
FN:84,ApiQuotaPoller.refreshAccessToken
FN:121,ApiQuotaPoller.loadCodeAssist
FN:147,ApiQuotaPoller.extractProjectId
FN:156,ApiQuotaPoller.fetchAvailableModels
FN:186,ApiQuotaPoller.checkQuota
FN:239,ApiQuotaPoller.checkQuotaForModel
FN:263,ApiQuotaPoller.getAllQuotas
FNF:10
FNH:1
FNDA:0,logToFile
FNDA:0,AuthenticationError
FNDA:6,ApiQuotaPoller
FNDA:0,ApiQuotaPoller.refreshAccessToken
FNDA:0,ApiQuotaPoller.loadCodeAssist
FNDA:0,ApiQuotaPoller.extractProjectId
FNDA:0,ApiQuotaPoller.fetchAvailableModels
FNDA:0,ApiQuotaPoller.checkQuota
FNDA:0,ApiQuotaPoller.checkQuotaForModel
FNDA:0,ApiQuotaPoller.getAllQuotas
DA:1,1
DA:2,1
DA:3,1
DA:4,1
DA:5,0
DA:6,0
DA:7,0
DA:8,0
DA:9,1
DA:10,1
DA:11,1
DA:12,1
DA:13,1
DA:14,1
DA:15,1
DA:16,1
DA:17,1
DA:18,1
DA:19,1
DA:20,1
DA:21,1
DA:22,1
DA:23,1
DA:24,1
DA:25,1
DA:26,1
DA:27,1
DA:28,1
DA:29,1
DA:30,1
DA:31,1
DA:32,1
DA:33,1
DA:34,1
DA:35,1
DA:36,1
DA:37,1
DA:38,1
DA:39,1
DA:40,1
DA:41,1
DA:42,1
DA:43,1
DA:44,1
DA:45,1
DA:46,1
DA:47,1
DA:48,1
DA:49,1
DA:50,1
DA:51,1
DA:52,1
DA:53,1
DA:54,1
DA:55,1
DA:56,1
DA:57,1
DA:58,1
DA:59,1
DA:60,1
DA:61,1
DA:62,1
DA:63,1
DA:64,1
DA:65,1
DA:66,1
DA:67,2
DA:68,2
DA:69,0
DA:70,0
DA:71,0
DA:72,2
DA:73,1
DA:74,1
DA:75,1
DA:76,2
DA:77,2
DA:78,6
DA:79,0
DA:80,0
DA:81,0
DA:82,6
DA:83,2
DA:84,2
DA:85,0
DA:86,0
DA:87,0
DA:88,0
DA:89,0
DA:90,0
DA:91,0
DA:92,0
DA:93,0
DA:94,0
DA:95,0
DA:96,0
DA:97,0
DA:98,0
DA:99,0
DA:100,0
DA:101,0
DA:102,0
DA:103,0
DA:104,0
DA:105,0
DA:106,0
DA:107,0
DA:108,0
DA:109,0
DA:110,0
DA:111,0
DA:112,0
DA:113,0
DA:114,0
DA:115,0
DA:116,0
DA:117,0
DA:118,0
DA:119,0
DA:120,2
DA:121,2
DA:122,0
DA:123,0
DA:124,0
DA:125,0
DA:126,0
DA:127,0
DA:128,0
DA:129,0
DA:130,0
DA:131,0
DA:132,0
DA:133,0
DA:134,0
DA:135,0
DA:136,0
DA:137,0
DA:138,0
DA:139,0
DA:140,0
DA:141,0
DA:142,0
DA:143,0
DA:144,0
DA:145,0
DA:146,2
DA:147,2
DA:148,0
DA:149,0
DA:150,0
DA:151,0
DA:152,0
DA:153,0
DA:154,0
DA:155,2
DA:156,2
DA:157,0
DA:158,0
DA:159,0
DA:160,0
DA:161,0
DA:162,0
DA:163,0
DA:164,0
DA:165,0
DA:166,0
DA:167,0
DA:168,0
DA:169,0
DA:170,0
DA:171,0
DA:172,0
DA:173,0
DA:174,0
DA:175,0
DA:176,0
DA:177,0
DA:178,0
DA:179,0
DA:180,0
DA:181,0
DA:182,0
DA:183,0
DA:184,0
DA:185,2
DA:186,2
DA:187,0
DA:188,0
DA:189,0
DA:190,0
DA:191,0
DA:192,0
DA:193,0
DA:194,0
DA:195,0
DA:196,0
DA:197,0
DA:198,0
DA:199,0
DA:200,0
DA:201,0
DA:202,0
DA:203,0
DA:204,0
DA:205,0
DA:206,0
DA:207,0
DA:208,0
DA:209,0
DA:210,0
DA:211,0
DA:212,0
DA:213,0
DA:214,0
DA:215,0
DA:216,0
DA:217,0
DA:218,0
DA:219,0
DA:220,0
DA:221,0
DA:222,0
DA:223,0
DA:224,0
DA:225,0
DA:226,0
DA:227,0
DA:228,0
DA:229,0
DA:230,0
DA:231,0
DA:232,0
DA:233,0
DA:234,0
DA:235,0
DA:236,0
DA:237,0
DA:238,2
DA:239,2
DA:240,0
DA:241,0
DA:242,0
DA:243,0
DA:244,0
DA:245,0
DA:246,0
DA:247,0
DA:248,0
DA:249,0
DA:250,0
DA:251,0
DA:252,0
DA:253,0
DA:254,0
DA:255,0
DA:256,0
DA:257,0
DA:258,0
DA:259,0
DA:260,0
DA:261,0
DA:262,2
DA:263,2
DA:264,0
DA:265,0
DA:266,0
DA:267,0
DA:268,0
DA:269,0
DA:270,0
DA:271,0
DA:272,0
DA:273,0
DA:274,0
DA:275,0
DA:276,0
DA:277,0
DA:278,0
DA:279,0
DA:280,0
DA:281,0
DA:282,0
DA:283,0
DA:284,2
LF:284
LH:87
BRDA:67,0,0,2
BRDA:76,1,0,2
BRDA:77,2,0,6
BRDA:78,3,0,0
BRF:4
BRH:3
end_of_record
TN:
SF:src/quota/LSPFinder.ts
FN:5,LSPFinder
FN:12,LSPFinder.findProcess
FNF:2
FNH:2
FNDA:3,LSPFinder
FNDA:3,LSPFinder.findProcess
DA:1,1
DA:2,1
DA:3,1
DA:4,3
DA:5,3
DA:6,3
DA:7,0
DA:8,0
DA:9,0
DA:10,3
DA:11,3
DA:12,3
DA:13,3
DA:14,3
DA:15,3
DA:16,3
DA:17,3
DA:18,3
DA:19,3
DA:20,3
DA:21,1
DA:22,1
DA:23,3
DA:24,3
DA:25,3
DA:26,3
DA:27,3
DA:28,3
DA:29,2
DA:30,3
DA:31,1
DA:32,1
DA:33,1
DA:34,1
DA:35,1
DA:36,1
DA:37,1
DA:38,1
DA:39,1
DA:40,1
DA:41,1
DA:42,1
DA:43,1
DA:44,1
DA:45,1
DA:46,3
DA:47,3
DA:48,3
DA:49,1
DA:50,1
DA:51,1
DA:52,3
DA:53,3
DA:54,3
DA:55,3
LF:55
LH:52
BRDA:4,0,0,3
BRDA:5,1,0,3
BRDA:6,2,0,0
BRDA:12,3,0,3
BRDA:13,4,0,3
BRDA:20,5,0,1
BRDA:27,6,0,3
BRDA:28,7,0,1
BRDA:29,8,0,2
BRDA:30,9,0,1
BRDA:48,10,0,1
BRF:11
BRH:10
end_of_record
TN:
SF:src/quota/QuotaCacheUpdater.ts
FN:13,logToFile
FN:18,getQuotaCachePath
FN:27,writeQuotaToCache
FN:56,QuotaCacheUpdater
FN:67,QuotaCacheUpdater.updateCache
FN:98,QuotaCacheUpdater.onQueryCompleted
FN:107,QuotaCacheUpdater.start
FN:117,QuotaCacheUpdater.resetIdleTimer
FN:130,QuotaCacheUpdater.stop
FN:139,startQuotaCacheService
FNF:10
FNH:0
FNDA:0,logToFile
FNDA:0,getQuotaCachePath
FNDA:0,writeQuotaToCache
FNDA:0,QuotaCacheUpdater
FNDA:0,QuotaCacheUpdater.updateCache
FNDA:0,QuotaCacheUpdater.onQueryCompleted
FNDA:0,QuotaCacheUpdater.start
FNDA:0,QuotaCacheUpdater.resetIdleTimer
FNDA:0,QuotaCacheUpdater.stop
FNDA:0,startQuotaCacheService
DA:1,1
DA:2,1
DA:3,1
DA:4,1
DA:5,1
DA:6,1
DA:7,1
DA:8,1
DA:9,1
DA:10,1
DA:11,1
DA:12,1
DA:13,0
DA:14,0
DA:15,0
DA:16,0
DA:17,1
DA:18,0
DA:19,0
DA:20,0
DA:21,0
DA:22,0
DA:23,0
DA:24,0
DA:25,0
DA:26,1
DA:27,0
DA:28,0
DA:29,0
DA:30,0
DA:31,0
DA:32,0
DA:33,0
DA:34,0
DA:35,0
DA:36,0
DA:37,0
DA:38,0
DA:39,0
DA:40,0
DA:41,0
DA:42,0
DA:43,0
DA:44,0
DA:45,0
DA:46,0
DA:47,1
DA:48,1
DA:49,1
DA:50,2
DA:51,2
DA:52,2
DA:53,2
DA:54,2
DA:55,2
DA:56,2
DA:57,0
DA:58,0
DA:59,0
DA:60,0
DA:61,0
DA:62,0
DA:63,0
DA:64,0
DA:65,0
DA:66,2
DA:67,2
DA:68,0
DA:69,0
DA:70,0
DA:71,0
DA:72,0
DA:73,0
DA:74,0
DA:75,0
DA:76,0
DA:77,0
DA:78,0
DA:79,0
DA:80,0
DA:81,0
DA:82,0
DA:83,0
DA:84,0
DA:85,0
DA:86,0
DA:87,0
DA:88,0
DA:89,0
DA:90,0
DA:91,0
DA:92,0
DA:93,0
DA:94,2
DA:95,2
DA:96,2
DA:97,2
DA:98,2
DA:99,0
DA:100,0
DA:101,0
DA:102,0
DA:103,2
DA:104,2
DA:105,2
DA:106,2
DA:107,2
DA:108,0
DA:109,0
DA:110,0
DA:111,0
DA:112,0
DA:113,2
DA:114,2
DA:115,2
DA:116,2
DA:117,2
DA:118,0
DA:119,0
DA:120,0
DA:121,0
DA:122,0
DA:123,0
DA:124,0
DA:125,0
DA:126,0
DA:127,0
DA:128,0
DA:129,2
DA:130,2
DA:131,0
DA:132,0
DA:133,0
DA:134,0
DA:135,0
DA:136,0
DA:137,2
DA:138,1
DA:139,0
DA:140,0
DA:141,0
DA:142,0
DA:143,0
DA:144,0
DA:145,0
DA:146,0
DA:147,0
LF:147
LH:45
BRDA:50,0,0,2
BRF:1
BRH:1
end_of_record
TN:
SF:src/quota/QuotaPoller.ts
FN:10,QuotaPoller
FN:16,QuotaPoller.checkQuota
FNF:2
FNH:2
FNDA:3,QuotaPoller
FNDA:3,QuotaPoller.checkQuota
DA:1,1
DA:2,1
DA:3,1
DA:4,1
DA:5,1
DA:6,1
DA:7,1
DA:8,1
DA:9,3
DA:10,3
DA:11,3
DA:12,0
DA:13,0
DA:14,0
DA:15,3
DA:16,3
DA:17,3
DA:18,3
DA:19,3
DA:20,3
DA:21,3
DA:22,3
DA:23,3
DA:24,3
DA:25,3
DA:26,3
DA:27,3
DA:28,3
DA:29,3
DA:30,3
DA:31,1
DA:32,1
DA:33,1
DA:34,1
DA:35,1
DA:36,1
DA:37,1
DA:38,3
DA:39,3
DA:40,3
DA:41,3
DA:42,3
LF:42
LH:39
BRDA:9,0,0,3
BRDA:10,1,0,3
BRDA:11,2,0,0
BRDA:16,3,0,3
BRDA:29,4,0,2
BRDA:29,5,0,0
BRDA:29,6,0,2
BRDA:29,7,0,2
BRDA:29,8,0,1
BRDA:29,9,0,1
BRDA:30,10,0,1
BRF:11
BRH:9
end_of_record
TN:
SF:src/rotation/HardLimitDetector.ts
FN:25,HardLimitDetector
FN:59,HardLimitDetector.checkHardLimit
FN:181,HardLimitDetector.updateAllQuotas
FN:207,HardLimitDetector.setModelRotationStrategy
FN:216,HardLimitDetector.getQuotaTracker
FN:220,HardLimitDetector.rotateAccount
FNF:6
FNH:0
FNDA:0,HardLimitDetector
FNDA:0,HardLimitDetector.checkHardLimit
FNDA:0,HardLimitDetector.updateAllQuotas
FNDA:0,HardLimitDetector.setModelRotationStrategy
FNDA:0,HardLimitDetector.getQuotaTracker
FNDA:0,HardLimitDetector.rotateAccount
DA:1,1
DA:2,1
DA:3,1
DA:4,1
DA:5,1
DA:6,1
DA:7,1
DA:8,1
DA:9,1
DA:10,1
DA:11,1
DA:12,1
DA:13,1
DA:14,1
DA:15,1
DA:16,2
DA:17,2
DA:18,2
DA:19,2
DA:20,2
DA:21,2
DA:22,2
DA:23,2
DA:24,2
DA:25,2
DA:26,0
DA:27,0
DA:28,0
DA:29,0
DA:30,0
DA:31,0
DA:32,0
DA:33,0
DA:34,0
DA:35,0
DA:36,0
DA:37,0
DA:38,0
DA:39,0
DA:40,0
DA:41,0
DA:42,0
DA:43,0
DA:44,0
DA:45,0
DA:46,0
DA:47,0
DA:48,0
DA:49,0
DA:50,0
DA:51,0
DA:52,0
DA:53,0
DA:54,0
DA:55,0
DA:56,0
DA:57,0
DA:58,2
DA:59,2
DA:60,0
DA:61,0
DA:62,0
DA:63,0
DA:64,0
DA:65,0
DA:66,0
DA:67,0
DA:68,0
DA:69,0
DA:70,0
DA:71,0
DA:72,0
DA:73,0
DA:74,0
DA:75,0
DA:76,0
DA:77,0
DA:78,0
DA:79,0
DA:80,0
DA:81,0
DA:82,0
DA:83,0
DA:84,0
DA:85,0
DA:86,0
DA:87,0
DA:88,0
DA:89,0
DA:90,0
DA:91,0
DA:92,0
DA:93,0
DA:94,0
DA:95,0
DA:96,0
DA:97,0
DA:98,0
DA:99,0
DA:100,0
DA:101,0
DA:102,0
DA:103,0
DA:104,0
DA:105,0
DA:106,0
DA:107,0
DA:108,0
DA:109,0
DA:110,0
DA:111,0
DA:112,0
DA:113,0
DA:114,0
DA:115,0
DA:116,0
DA:117,0
DA:118,0
DA:119,0
DA:120,0
DA:121,0
DA:122,0
DA:123,0
DA:124,0
DA:125,0
DA:126,0
DA:127,0
DA:128,0
DA:129,0
DA:130,0
DA:131,0
DA:132,0
DA:133,0
DA:134,0
DA:135,0
DA:136,0
DA:137,0
DA:138,0
DA:139,0
DA:140,0
DA:141,0
DA:142,0
DA:143,0
DA:144,0
DA:145,0
DA:146,0
DA:147,0
DA:148,0
DA:149,0
DA:150,0
DA:151,0
DA:152,0
DA:153,0
DA:154,0
DA:155,0
DA:156,0
DA:157,0
DA:158,0
DA:159,0
DA:160,0
DA:161,0
DA:162,0
DA:163,0
DA:164,0
DA:165,0
DA:166,0
DA:167,0
DA:168,0
DA:169,0
DA:170,0
DA:171,0
DA:172,0
DA:173,0
DA:174,0
DA:175,0
DA:176,0
DA:177,0
DA:178,0
DA:179,0
DA:180,2
DA:181,2
DA:182,0
DA:183,0
DA:184,0
DA:185,0
DA:186,0
DA:187,0
DA:188,0
DA:189,0
DA:190,0
DA:191,0
DA:192,0
DA:193,0
DA:194,0
DA:195,0
DA:196,0
DA:197,0
DA:198,0
DA:199,0
DA:200,0
DA:201,0
DA:202,0
DA:203,0
DA:204,0
DA:205,0
DA:206,2
DA:207,2
DA:208,0
DA:209,0
DA:210,0
DA:211,0
DA:212,0
DA:213,0
DA:214,0
DA:215,2
DA:216,2
DA:217,0
DA:218,0
DA:219,2
DA:220,2
DA:221,0
DA:222,0
DA:223,0
DA:224,0
DA:225,2
LF:225
LH:36
BRDA:16,0,0,2
BRF:1
BRH:1
end_of_record
TN:
SF:src/rotation/ModelSelector.ts
FN:10,ModelSelector
FN:26,ModelSelector.selectModel
FN:56,ModelSelector.updateStrategy
FN:60,ModelSelector.getStrategy
FN:64,ModelSelector.getQuotaStates
FNF:5
FNH:0
FNDA:0,ModelSelector
FNDA:0,ModelSelector.selectModel
FNDA:0,ModelSelector.updateStrategy
FNDA:0,ModelSelector.getStrategy
FNDA:0,ModelSelector.getQuotaStates
DA:1,1
DA:2,1
DA:3,1
DA:4,1
DA:5,2
DA:6,2
DA:7,2
DA:8,2
DA:9,2
DA:10,2
DA:11,0
DA:12,0
DA:13,0
DA:14,0
DA:15,0
DA:16,0
DA:17,0
DA:18,0
DA:19,0
DA:20,0
DA:21,0
DA:22,0
DA:23,0
DA:24,0
DA:25,2
DA:26,2
DA:27,0
DA:28,0
DA:29,0
DA:30,0
DA:31,0
DA:32,0
DA:33,0
DA:34,0
DA:35,0
DA:36,0
DA:37,0
DA:38,0
DA:39,0
DA:40,0
DA:41,0
DA:42,0
DA:43,0
DA:44,0
DA:45,0
DA:46,0
DA:47,0
DA:48,0
DA:49,0
DA:50,0
DA:51,0
DA:52,0
DA:53,0
DA:54,0
DA:55,2
DA:56,2
DA:57,0
DA:58,0
DA:59,2
DA:60,2
DA:61,0
DA:62,0
DA:63,2
DA:64,2
DA:65,0
DA:66,0
DA:67,2
LF:67
LH:19
BRDA:5,0,0,2
BRF:1
BRH:1
end_of_record
TN:
SF:src/rotation/QuotaTracker.ts
FN:9,QuotaTracker
FN:24,QuotaTracker.updateQuota
FN:45,QuotaTracker.getQuotaForModel
FN:49,QuotaTracker.isModelAvailable
FN:60,QuotaTracker.getBestAvailableModel
FN:99,QuotaTracker.getAllQuotaStates
FN:103,QuotaTracker.clearStaleData
FN:112,QuotaTracker.clearAll
FNF:8
FNH:2
FNDA:6,QuotaTracker
FNDA:0,QuotaTracker.updateQuota
FNDA:0,QuotaTracker.getQuotaForModel
FNDA:0,QuotaTracker.isModelAvailable
FNDA:0,QuotaTracker.getBestAvailableModel
FNDA:0,QuotaTracker.getAllQuotaStates
FNDA:0,QuotaTracker.clearStaleData
FNDA:1,QuotaTracker.clearAll
DA:1,1
DA:2,1
DA:3,1
DA:4,2
DA:5,2
DA:6,2
DA:7,2
DA:8,2
DA:9,2
DA:10,6
DA:11,0
DA:12,0
DA:13,0
DA:14,6
DA:15,6
DA:16,6
DA:17,6
DA:18,6
DA:19,6
DA:20,6
DA:21,6
DA:22,6
DA:23,2
DA:24,2
DA:25,0
DA:26,0
DA:27,0
DA:28,0
DA:29,0
DA:30,0
DA:31,0
DA:32,0
DA:33,0
DA:34,0
DA:35,0
DA:36,0
DA:37,0
DA:38,0
DA:39,0
DA:40,0
DA:41,0
DA:42,0
DA:43,0
DA:44,2
DA:45,2
DA:46,0
DA:47,0
DA:48,2
DA:49,2
DA:50,0
DA:51,0
DA:52,0
DA:53,0
DA:54,0
DA:55,0
DA:56,0
DA:57,0
DA:58,0
DA:59,2
DA:60,2
DA:61,0
DA:62,0
DA:63,0
DA:64,0
DA:65,0
DA:66,0
DA:67,0
DA:68,0
DA:69,0
DA:70,0
DA:71,0
DA:72,0
DA:73,0
DA:74,0
DA:75,0
DA:76,0
DA:77,0
DA:78,0
DA:79,0
DA:80,0
DA:81,0
DA:82,0
DA:83,0
DA:84,0
DA:85,0
DA:86,0
DA:87,0
DA:88,0
DA:89,0
DA:90,0
DA:91,0
DA:92,0
DA:93,0
DA:94,0
DA:95,0
DA:96,0
DA:97,0
DA:98,2
DA:99,2
DA:100,0
DA:101,0
DA:102,2
DA:103,2
DA:104,0
DA:105,0
DA:106,0
DA:107,0
DA:108,0
DA:109,0
DA:110,0
DA:111,2
DA:112,2
DA:113,1
DA:114,1
DA:115,1
DA:116,1
DA:117,2
LF:117
LH:38
BRDA:4,0,0,2
BRDA:9,1,0,6
BRDA:9,2,0,0
BRDA:10,3,0,0
BRDA:112,4,0,1
BRF:5
BRH:3
end_of_record
TN:
SF:src/utils/logger.ts
FN:25,AutopilotLogger
FN:43,AutopilotLogger.getDateString
FN:48,AutopilotLogger.ensureLogDirectory
FN:55,AutopilotLogger.logRotation
FN:76,AutopilotLogger.shouldLog
FN:81,AutopilotLogger.formatLogEntry
FN:86,AutopilotLogger.writeLog
FN:97,AutopilotLogger.debug
FN:107,AutopilotLogger.info
FN:117,AutopilotLogger.warn
FN:127,AutopilotLogger.error
FN:137,AutopilotLogger.getLogFilePath
FN:144,getLogger
FN:151,setLogger
FNF:14
FNH:9
FNDA:1,AutopilotLogger
FNDA:1,AutopilotLogger.getDateString
FNDA:1,AutopilotLogger.ensureLogDirectory
FNDA:1,AutopilotLogger.logRotation
FNDA:15,AutopilotLogger.shouldLog
FNDA:15,AutopilotLogger.formatLogEntry
FNDA:15,AutopilotLogger.writeLog
FNDA:0,AutopilotLogger.debug
FNDA:15,AutopilotLogger.info
FNDA:0,AutopilotLogger.warn
FNDA:0,AutopilotLogger.error
FNDA:0,AutopilotLogger.getLogFilePath
FNDA:12,getLogger
FNDA:0,setLogger
DA:1,1
DA:2,1
DA:3,1
DA:4,1
DA:5,1
DA:6,1
DA:7,1
DA:8,1
DA:9,1
DA:10,1
DA:11,1
DA:12,1
DA:13,1
DA:14,2
DA:15,2
DA:16,2
DA:17,2
DA:18,2
DA:19,2
DA:20,2
DA:21,2
DA:22,2
DA:23,2
DA:24,2
DA:25,2
DA:26,1
DA:27,1
DA:28,1
DA:29,1
DA:30,1
DA:31,1
DA:32,1
DA:33,1
DA:34,1
DA:35,1
DA:36,1
DA:37,1
DA:38,1
DA:39,1
DA:40,1
DA:41,1
DA:42,2
DA:43,2
DA:44,1
DA:45,1
DA:46,1
DA:47,2
DA:48,2
DA:49,1
DA:50,1
DA:51,0
DA:52,0
DA:53,1
DA:54,2
DA:55,2
DA:56,1
DA:57,1
DA:58,1
DA:59,1
DA:60,1
DA:61,1
DA:62,1
DA:63,1
DA:64,1
DA:65,2
DA:66,2
DA:67,2
DA:68,0
DA:69,0
DA:70,2
DA:71,1
DA:72,0
DA:73,0
DA:74,1
DA:75,2
DA:76,2
DA:77,15
DA:78,15
DA:79,15
DA:80,2
DA:81,2
DA:82,15
DA:83,15
DA:84,15
DA:85,2
DA:86,2
DA:87,15
DA:88,15
DA:89,15
DA:90,15
DA:91,15
DA:92,15
DA:93,0
DA:94,0
DA:95,15
DA:96,2
DA:97,2
DA:98,0
DA:99,0
DA:100,0
DA:101,0
DA:102,0
DA:103,0
DA:104,0
DA:105,0
DA:106,2
DA:107,2
DA:108,15
DA:109,15
DA:110,15
DA:111,15
DA:112,15
DA:113,15
DA:114,15
DA:115,15
DA:116,2
DA:117,2
DA:118,0
DA:119,0
DA:120,0
DA:121,0
DA:122,0
DA:123,0
DA:124,0
DA:125,0
DA:126,2
DA:127,2
DA:128,0
DA:129,0
DA:130,0
DA:131,0
DA:132,0
DA:133,0
DA:134,0
DA:135,0
DA:136,2
DA:137,2
DA:138,0
DA:139,0
DA:140,2
DA:141,1
DA:142,1
DA:143,1
DA:144,12
DA:145,12
DA:146,1
DA:147,1
DA:148,12
DA:149,12
DA:150,1
DA:151,0
DA:152,0
DA:153,0
LF:153
LH:116
BRDA:14,0,0,2
BRDA:25,1,0,1
BRDA:31,2,0,0
BRDA:32,3,0,0
BRDA:34,4,0,0
BRDA:34,5,0,0
BRDA:35,6,0,0
BRDA:43,7,0,1
BRDA:48,8,0,1
BRDA:50,9,0,0
BRDA:55,10,0,1
BRDA:64,11,0,2
BRDA:67,12,0,0
BRDA:71,13,0,0
BRDA:59,14,0,204
BRDA:59,15,0,2
BRDA:76,16,0,15
BRDA:77,17,0,0
BRDA:81,18,0,15
BRDA:82,19,0,0
BRDA:86,20,0,15
BRDA:87,21,0,0
BRDA:92,22,0,0
BRDA:107,23,0,15
BRDA:144,24,0,12
BRDA:145,25,0,1
BRF:26
BRH:14
end_of_record
TN:
SF:src/utils/model-name-translator.ts
FN:50,format
FN:60,format
FN:70,format
FN:80,extractTierSuffix
FN:96,translateModelName
FN:141,getShortModelName
FN:154,formatModelQuotaForToast
FN:168,formatModelSwitchMessage
FNF:8
FNH:0
FNDA:0,format
FNDA:0,format
FNDA:0,format
FNDA:0,extractTierSuffix
FNDA:0,translateModelName
FNDA:0,getShortModelName
FNDA:0,formatModelQuotaForToast
FNDA:0,formatModelSwitchMessage
DA:1,1
DA:2,1
DA:3,1
DA:4,1
DA:5,1
DA:6,1
DA:7,1
DA:8,1
DA:9,1
DA:10,1
DA:11,1
DA:12,1
DA:13,1
DA:14,1
DA:15,1
DA:16,1
DA:17,1
DA:18,1
DA:19,1
DA:20,1
DA:21,1
DA:22,1
DA:23,1
DA:24,1
DA:25,1
DA:26,1
DA:27,1
DA:28,1
DA:29,1
DA:30,1
DA:31,1
DA:32,1
DA:33,1
DA:34,1
DA:35,1
DA:36,1
DA:37,1
DA:38,1
DA:39,1
DA:40,1
DA:41,1
DA:42,1
DA:43,1
DA:44,1
DA:45,1
DA:46,1
DA:47,1
DA:48,1
DA:49,1
DA:50,1
DA:51,0
DA:52,0
DA:53,0
DA:54,0
DA:55,1
DA:56,1
DA:57,1
DA:58,1
DA:59,1
DA:60,1
DA:61,0
DA:62,0
DA:63,0
DA:64,0
DA:65,1
DA:66,1
DA:67,1
DA:68,1
DA:69,1
DA:70,1
DA:71,0
DA:72,0
DA:73,1
DA:74,1
DA:75,1
DA:76,1
DA:77,1
DA:78,1
DA:79,1
DA:80,0
DA:81,0
DA:82,0
DA:83,0
DA:84,1
DA:85,1
DA:86,1
DA:87,1
DA:88,1
DA:89,1
DA:90,1
DA:91,1
DA:92,1
DA:93,1
DA:94,1
DA:95,1
DA:96,0
DA:97,0
DA:98,0
DA:99,0
DA:100,0
DA:101,0
DA:102,0
DA:103,0
DA:104,0
DA:105,0
DA:106,0
DA:107,0
DA:108,0
DA:109,0
DA:110,0
DA:111,0
DA:112,0
DA:113,0
DA:114,0
DA:115,0
DA:116,0
DA:117,0
DA:118,0
DA:119,0
DA:120,0
DA:121,0
DA:122,0
DA:123,0
DA:124,0
DA:125,0
DA:126,0
DA:127,0
DA:128,0
DA:129,0
DA:130,1
DA:131,1
DA:132,1
DA:133,1
DA:134,1
DA:135,1
DA:136,1
DA:137,1
DA:138,1
DA:139,1
DA:140,1
DA:141,0
DA:142,0
DA:143,0
DA:144,0
DA:145,0
DA:146,1
DA:147,1
DA:148,1
DA:149,1
DA:150,1
DA:151,1
DA:152,1
DA:153,1
DA:154,0
DA:155,0
DA:156,0
DA:157,0
DA:158,0
DA:159,1
DA:160,1
DA:161,1
DA:162,1
DA:163,1
DA:164,1
DA:165,1
DA:166,1
DA:167,1
DA:168,0
DA:169,0
DA:170,0
DA:171,0
DA:172,0
LF:172
LH:109
BRF:0
BRH:0
end_of_record
